# JRE version: Java(TM) SE Runtime Environment (11.0.2+9) (build 11.0.2+9-LTS)
# Java VM: Java HotSpot(TM) 64-Bit Server VM (11.0.2+9-LTS, mixed mode, tiered, compressed oops, g1 gc, bsd-amd64)
Heap:
 garbage-first heap   total 138240K, used 108897K [0x00000007c0000000, 0x0000000800000000)
  region size 1024K, 54 young (55296K), 3 survivors (3072K)
 Metaspace       used 52490K, capacity 53667K, committed 54272K, reserved 1097728K
  class space    used 5222K, capacity 5658K, committed 5888K, reserved 1048576K
GC Heap History (10 events):
Event: 15711.261 GC heap before
{Heap before GC invocations=1347 (full 0):
 garbage-first heap   total 138240K, used 114537K [0x00000007c0000000, 0x0000000800000000)
  region size 1024K, 70 young (71680K), 7 survivors (7168K)
 Metaspace       used 52455K, capacity 53613K, committed 54272K, reserved 1097728K
  class space    used 5217K, capacity 5649K, committed 5888K, reserved 1048576K
}
Event: 15711.284 GC heap after
{Heap after GC invocations=1348 (full 0):
 garbage-first heap   total 138240K, used 50176K [0x00000007c0000000, 0x0000000800000000)
  region size 1024K, 4 young (4096K), 4 survivors (4096K)
 Metaspace       used 52455K, capacity 53613K, committed 54272K, reserved 1097728K
  class space    used 5217K, capacity 5649K, committed 5888K, reserved 1048576K
}
Event: 15716.650 GC heap before
{Heap before GC invocations=1348 (full 0):
 garbage-first heap   total 138240K, used 114688K [0x00000007c0000000, 0x0000000800000000)
  region size 1024K, 67 young (68608K), 4 survivors (4096K)
 Metaspace       used 52455K, capacity 53613K, committed 54272K, reserved 1097728K
  class space    used 5217K, capacity 5649K, committed 5888K, reserved 1048576K
}
Event: 15716.670 GC heap after
{Heap after GC invocations=1349 (full 0):
 garbage-first heap   total 138240K, used 53248K [0x00000007c0000000, 0x0000000800000000)
  region size 1024K, 7 young (7168K), 7 survivors (7168K)
 Metaspace       used 52455K, capacity 53613K, committed 54272K, reserved 1097728K
  class space    used 5217K, capacity 5649K, committed 5888K, reserved 1048576K
}
Event: 15744.940 GC heap before
{Heap before GC invocations=1349 (full 0):
 garbage-first heap   total 138240K, used 115712K [0x00000007c0000000, 0x0000000800000000)
  region size 1024K, 68 young (69632K), 7 survivors (7168K)
 Metaspace       used 52455K, capacity 53613K, committed 54272K, reserved 1097728K
  class space    used 5217K, capacity 5649K, committed 5888K, reserved 1048576K
}
Event: 15745.035 GC heap after
{Heap after GC invocations=1350 (full 0):
 garbage-first heap   total 138240K, used 55309K [0x00000007c0000000, 0x0000000800000000)
  region size 1024K, 7 young (7168K), 7 survivors (7168K)
 Metaspace       used 52455K, capacity 53613K, committed 54272K, reserved 1097728K
  class space    used 5217K, capacity 5649K, committed 5888K, reserved 1048576K
}
Event: 15761.297 GC heap before
{Heap before GC invocations=1350 (full 0):
 garbage-first heap   total 138240K, used 114701K [0x00000007c0000000, 0x0000000800000000)
  region size 1024K, 65 young (66560K), 7 survivors (7168K)
 Metaspace       used 52455K, capacity 53613K, committed 54272K, reserved 1097728K
  class space    used 5217K, capacity 5649K, committed 5888K, reserved 1048576K
}
Event: 15761.336 GC heap after
{Heap after GC invocations=1351 (full 0):
 garbage-first heap   total 138240K, used 58355K [0x00000007c0000000, 0x0000000800000000)
  region size 1024K, 5 young (5120K), 5 survivors (5120K)
 Metaspace       used 52455K, capacity 53613K, committed 54272K, reserved 1097728K
  class space    used 5217K, capacity 5649K, committed 5888K, reserved 1048576K
}
Event: 15836.422 GC heap before
{Heap before GC invocations=1351 (full 0):
 garbage-first heap   total 138240K, used 115699K [0x00000007c0000000, 0x0000000800000000)
  region size 1024K, 61 young (62464K), 5 survivors (5120K)
 Metaspace       used 52455K, capacity 53613K, committed 54272K, reserved 1097728K
  class space    used 5217K, capacity 5649K, committed 5888K, reserved 1048576K
}
Event: 15836.455 GC heap after
{Heap after GC invocations=1352 (full 0):
 garbage-first heap   total 138240K, used 57697K [0x00000007c0000000, 0x0000000800000000)
  region size 1024K, 3 young (3072K), 3 survivors (3072K)
 Metaspace       used 52455K, capacity 53613K, committed 54272K, reserved 1097728K
  class space    used 5217K, capacity 5649K, committed 5888K, reserved 1048576K
}

