# JRE version: Java(TM) SE Runtime Environment (11.0.2+9) (build 11.0.2+9-LTS)
# Java VM: Java HotSpot(TM) 64-Bit Server VM (11.0.2+9-LTS, mixed mode, tiered, compressed oops, g1 gc, bsd-amd64)
Heap:
 garbage-first heap   total 196608K, used 104869K [0x00000007c0000000, 0x0000000800000000)
  region size 1024K, 3 young (3072K), 2 survivors (2048K)
 Metaspace       used 92332K, capacity 94431K, committed 95052K, reserved 1132544K
  class space    used 10663K, capacity 11451K, committed 11596K, reserved 1048576K
GC Heap History (10 events):
Event: 2762.383 GC heap before
{Heap before GC invocations=109 (full 6):
 garbage-first heap   total 196608K, used 165342K [0x00000007c0000000, 0x0000000800000000)
  region size 1024K, 70 young (71680K), 5 survivors (5120K)
 Metaspace       used 91000K, capacity 93051K, committed 93772K, reserved 1132544K
  class space    used 10598K, capacity 11370K, committed 11596K, reserved 1048576K
}
Event: 2762.429 GC heap after
{Heap after GC invocations=110 (full 6):
 garbage-first heap   total 196608K, used 101194K [0x00000007c0000000, 0x0000000800000000)
  region size 1024K, 6 young (6144K), 6 survivors (6144K)
 Metaspace       used 91000K, capacity 93051K, committed 93772K, reserved 1132544K
  class space    used 10598K, capacity 11370K, committed 11596K, reserved 1048576K
}
Event: 2764.658 GC heap before
{Heap before GC invocations=111 (full 6):
 garbage-first heap   total 196608K, used 165706K [0x00000007c0000000, 0x0000000800000000)
  region size 1024K, 69 young (70656K), 6 survivors (6144K)
 Metaspace       used 91874K, capacity 94004K, committed 94540K, reserved 1132544K
  class space    used 10655K, capacity 11443K, committed 11596K, reserved 1048576K
}
Event: 2764.760 GC heap after
{Heap after GC invocations=112 (full 6):
 garbage-first heap   total 196608K, used 104670K [0x00000007c0000000, 0x0000000800000000)
  region size 1024K, 8 young (8192K), 8 survivors (8192K)
 Metaspace       used 91874K, capacity 94004K, committed 94540K, reserved 1132544K
  class space    used 10655K, capacity 11443K, committed 11596K, reserved 1048576K
}
Event: 2862.289 GC heap before
{Heap before GC invocations=112 (full 6):
 garbage-first heap   total 196608K, used 163038K [0x00000007c0000000, 0x0000000800000000)
  region size 1024K, 66 young (67584K), 8 survivors (8192K)
 Metaspace       used 91984K, capacity 94072K, committed 94796K, reserved 1132544K
  class space    used 10657K, capacity 11444K, committed 11596K, reserved 1048576K
}
Event: 2862.437 GC heap after
{Heap after GC invocations=113 (full 6):
 garbage-first heap   total 196608K, used 104700K [0x00000007c0000000, 0x0000000800000000)
  region size 1024K, 2 young (2048K), 2 survivors (2048K)
 Metaspace       used 91984K, capacity 94072K, committed 94796K, reserved 1132544K
  class space    used 10657K, capacity 11444K, committed 11596K, reserved 1048576K
}
Event: 3009.192 GC heap before
{Heap before GC invocations=114 (full 6):
 garbage-first heap   total 196608K, used 164092K [0x00000007c0000000, 0x0000000800000000)
  region size 1024K, 61 young (62464K), 2 survivors (2048K)
 Metaspace       used 92208K, capacity 94269K, committed 94796K, reserved 1132544K
  class space    used 10659K, capacity 11445K, committed 11596K, reserved 1048576K
}
Event: 3009.283 GC heap after
{Heap after GC invocations=115 (full 6):
 garbage-first heap   total 196608K, used 104718K [0x00000007c0000000, 0x0000000800000000)
  region size 1024K, 2 young (2048K), 2 survivors (2048K)
 Metaspace       used 92208K, capacity 94269K, committed 94796K, reserved 1132544K
  class space    used 10659K, capacity 11445K, committed 11596K, reserved 1048576K
}
Event: 3169.828 GC heap before
{Heap before GC invocations=115 (full 6):
 garbage-first heap   total 196608K, used 165134K [0x00000007c0000000, 0x0000000800000000)
  region size 1024K, 62 young (63488K), 2 survivors (2048K)
 Metaspace       used 92332K, capacity 94431K, committed 95052K, reserved 1132544K
  class space    used 10663K, capacity 11451K, committed 11596K, reserved 1048576K
}
Event: 3169.864 GC heap after
{Heap after GC invocations=116 (full 6):
 garbage-first heap   total 196608K, used 104869K [0x00000007c0000000, 0x0000000800000000)
  region size 1024K, 2 young (2048K), 2 survivors (2048K)
 Metaspace       used 92332K, capacity 94431K, committed 95052K, reserved 1132544K
  class space    used 10663K, capacity 11451K, committed 11596K, reserved 1048576K
}

