# JRE version: Java(TM) SE Runtime Environment (11.0.2+9) (build 11.0.2+9-LTS)
# Java VM: Java HotSpot(TM) 64-Bit Server VM (11.0.2+9-LTS, mixed mode, tiered, compressed oops, g1 gc, bsd-amd64)
Heap:
 garbage-first heap   total 513024K, used 94343K [0x00000007c0000000, 0x0000000800000000)
  region size 1024K, 17 young (17408K), 1 survivors (1024K)
 Metaspace       used 55048K, capacity 56230K, committed 56780K, reserved 1099776K
  class space    used 5520K, capacity 5940K, committed 6092K, reserved 1048576K
GC Heap History (10 events):
Event: 21917.057 GC heap before
{Heap before GC invocations=1294 (full 0):
 garbage-first heap   total 513024K, used 92132K [0x00000007c0000000, 0x0000000800000000)
  region size 1024K, 25 young (25600K), 7 survivors (7168K)
 Metaspace       used 55048K, capacity 56230K, committed 56780K, reserved 1099776K
  class space    used 5520K, capacity 5940K, committed 6092K, reserved 1048576K
}
Event: 21917.285 GC heap after
{Heap after GC invocations=1295 (full 0):
 garbage-first heap   total 513024K, used 75039K [0x00000007c0000000, 0x0000000800000000)
  region size 1024K, 2 young (2048K), 2 survivors (2048K)
 Metaspace       used 55048K, capacity 56230K, committed 56780K, reserved 1099776K
  class space    used 5520K, capacity 5940K, committed 6092K, reserved 1048576K
}
Event: 21922.924 GC heap before
{Heap before GC invocations=1296 (full 0):
 garbage-first heap   total 513024K, used 97567K [0x00000007c0000000, 0x0000000800000000)
  region size 1024K, 27 young (27648K), 2 survivors (2048K)
 Metaspace       used 55048K, capacity 56230K, committed 56780K, reserved 1099776K
  class space    used 5520K, capacity 5940K, committed 6092K, reserved 1048576K
}
Event: 21922.954 GC heap after
{Heap after GC invocations=1297 (full 0):
 garbage-first heap   total 513024K, used 72693K [0x00000007c0000000, 0x0000000800000000)
  region size 1024K, 3 young (3072K), 3 survivors (3072K)
 Metaspace       used 55048K, capacity 56230K, committed 56780K, reserved 1099776K
  class space    used 5520K, capacity 5940K, committed 6092K, reserved 1048576K
}
Event: 21928.171 GC heap before
{Heap before GC invocations=1297 (full 0):
 garbage-first heap   total 513024K, used 95221K [0x00000007c0000000, 0x0000000800000000)
  region size 1024K, 25 young (25600K), 3 survivors (3072K)
 Metaspace       used 55048K, capacity 56230K, committed 56780K, reserved 1099776K
  class space    used 5520K, capacity 5940K, committed 6092K, reserved 1048576K
}
Event: 21928.183 GC heap after
{Heap after GC invocations=1298 (full 0):
 garbage-first heap   total 513024K, used 73653K [0x00000007c0000000, 0x0000000800000000)
  region size 1024K, 3 young (3072K), 3 survivors (3072K)
 Metaspace       used 55048K, capacity 56230K, committed 56780K, reserved 1099776K
  class space    used 5520K, capacity 5940K, committed 6092K, reserved 1048576K
}
Event: 21960.832 GC heap before
{Heap before GC invocations=1299 (full 0):
 garbage-first heap   total 513024K, used 200629K [0x00000007c0000000, 0x0000000800000000)
  region size 1024K, 128 young (131072K), 3 survivors (3072K)
 Metaspace       used 55048K, capacity 56230K, committed 56780K, reserved 1099776K
  class space    used 5520K, capacity 5940K, committed 6092K, reserved 1048576K
}
Event: 21960.913 GC heap after
{Heap after GC invocations=1300 (full 0):
 garbage-first heap   total 513024K, used 78317K [0x00000007c0000000, 0x0000000800000000)
  region size 1024K, 8 young (8192K), 8 survivors (8192K)
 Metaspace       used 55048K, capacity 56230K, committed 56780K, reserved 1099776K
  class space    used 5520K, capacity 5940K, committed 6092K, reserved 1048576K
}
Event: 21976.146 GC heap before
{Heap before GC invocations=1300 (full 0):
 garbage-first heap   total 513024K, used 98797K [0x00000007c0000000, 0x0000000800000000)
  region size 1024K, 28 young (28672K), 8 survivors (8192K)
 Metaspace       used 55048K, capacity 56230K, committed 56780K, reserved 1099776K
  class space    used 5520K, capacity 5940K, committed 6092K, reserved 1048576K
}
Event: 21976.339 GC heap after
{Heap after GC invocations=1301 (full 0):
 garbage-first heap   total 513024K, used 78983K [0x00000007c0000000, 0x0000000800000000)
  region size 1024K, 1 young (1024K), 1 survivors (1024K)
 Metaspace       used 55048K, capacity 56230K, committed 56780K, reserved 1099776K
  class space    used 5520K, capacity 5940K, committed 6092K, reserved 1048576K
}

