# JRE version: Java(TM) SE Runtime Environment (11.0.2+9) (build 11.0.2+9-LTS)
# Java VM: Java HotSpot(TM) 64-Bit Server VM (11.0.2+9-LTS, mixed mode, tiered, compressed oops, g1 gc, bsd-amd64)
Heap:
 garbage-first heap   total 154624K, used 91948K [0x00000007c0000000, 0x0000000800000000)
  region size 1024K, 53 young (54272K), 5 survivors (5120K)
 Metaspace       used 43734K, capacity 46065K, committed 46160K, reserved 1089536K
  class space    used 4458K, capacity 5331K, committed 5376K, reserved 1048576K
GC Heap History (10 events):
Event: 9.719 GC heap before
{Heap before GC invocations=11 (full 0):
 garbage-first heap   total 119808K, used 65475K [0x00000007c0000000, 0x0000000800000000)
  region size 1024K, 48 young (49152K), 5 survivors (5120K)
 Metaspace       used 40294K, capacity 42590K, committed 42960K, reserved 1087488K
  class space    used 4160K, capacity 4968K, committed 4992K, reserved 1048576K
}
Event: 9.760 GC heap after
{Heap after GC invocations=12 (full 0):
 garbage-first heap   total 119808K, used 26384K [0x00000007c0000000, 0x0000000800000000)
  region size 1024K, 4 young (4096K), 4 survivors (4096K)
 Metaspace       used 40294K, capacity 42590K, committed 42960K, reserved 1087488K
  class space    used 4160K, capacity 4968K, committed 4992K, reserved 1048576K
}
Event: 10.399 GC heap before
{Heap before GC invocations=12 (full 0):
 garbage-first heap   total 119808K, used 73488K [0x00000007c0000000, 0x0000000800000000)
  region size 1024K, 50 young (51200K), 4 survivors (4096K)
 Metaspace       used 40792K, capacity 43045K, committed 43344K, reserved 1087488K
  class space    used 4204K, capacity 5033K, committed 5120K, reserved 1048576K
}
Event: 10.436 GC heap after
{Heap after GC invocations=13 (full 0):
 garbage-first heap   total 119808K, used 30456K [0x00000007c0000000, 0x0000000800000000)
  region size 1024K, 7 young (7168K), 7 survivors (7168K)
 Metaspace       used 40792K, capacity 43045K, committed 43344K, reserved 1087488K
  class space    used 4204K, capacity 5033K, committed 5120K, reserved 1048576K
}
Event: 11.346 GC heap before
{Heap before GC invocations=13 (full 0):
 garbage-first heap   total 119808K, used 79608K [0x00000007c0000000, 0x0000000800000000)
  region size 1024K, 54 young (55296K), 7 survivors (7168K)
 Metaspace       used 42138K, capacity 44513K, committed 44752K, reserved 1089536K
  class space    used 4340K, capacity 5200K, committed 5248K, reserved 1048576K
}
Event: 11.387 GC heap after
{Heap after GC invocations=14 (full 0):
 garbage-first heap   total 119808K, used 35406K [0x00000007c0000000, 0x0000000800000000)
  region size 1024K, 4 young (4096K), 4 survivors (4096K)
 Metaspace       used 42138K, capacity 44513K, committed 44752K, reserved 1089536K
  class space    used 4340K, capacity 5200K, committed 5248K, reserved 1048576K
}
Event: 11.599 GC heap before
{Heap before GC invocations=14 (full 0):
 garbage-first heap   total 119808K, used 83534K [0x00000007c0000000, 0x0000000800000000)
  region size 1024K, 51 young (52224K), 4 survivors (4096K)
 Metaspace       used 42138K, capacity 44513K, committed 44752K, reserved 1089536K
  class space    used 4340K, capacity 5200K, committed 5248K, reserved 1048576K
}
Event: 11.639 GC heap after
{Heap after GC invocations=15 (full 0):
 garbage-first heap   total 154624K, used 40310K [0x00000007c0000000, 0x0000000800000000)
  region size 1024K, 5 young (5120K), 5 survivors (5120K)
 Metaspace       used 42138K, capacity 44513K, committed 44752K, reserved 1089536K
  class space    used 4340K, capacity 5200K, committed 5248K, reserved 1048576K
}
Event: 13.928 GC heap before
{Heap before GC invocations=15 (full 0):
 garbage-first heap   total 154624K, used 96630K [0x00000007c0000000, 0x0000000800000000)
  region size 1024K, 60 young (61440K), 5 survivors (5120K)
 Metaspace       used 42762K, capacity 45067K, committed 45264K, reserved 1089536K
  class space    used 4374K, capacity 5235K, committed 5248K, reserved 1048576K
}
Event: 13.980 GC heap after
{Heap after GC invocations=16 (full 0):
 garbage-first heap   total 154624K, used 44844K [0x00000007c0000000, 0x0000000800000000)
  region size 1024K, 5 young (5120K), 5 survivors (5120K)
 Metaspace       used 42762K, capacity 45067K, committed 45264K, reserved 1089536K
  class space    used 4374K, capacity 5235K, committed 5248K, reserved 1048576K
}

