# JRE version: Java(TM) SE Runtime Environment (11.0.2+9) (build 11.0.2+9-LTS)
# Java VM: Java HotSpot(TM) 64-Bit Server VM (11.0.2+9-LTS, mixed mode, tiered, compressed oops, g1 gc, bsd-amd64)
Heap:
 garbage-first heap   total 180224K, used 122997K [0x00000007c0000000, 0x0000000800000000)
  region size 1024K, 34 young (34816K), 3 survivors (3072K)
 Metaspace       used 69587K, capacity 72448K, committed 73248K, reserved 1114112K
  class space    used 6537K, capacity 7600K, committed 7888K, reserved 1048576K
GC Heap History (10 events):
Event: 7434.846 GC heap after
{Heap after GC invocations=71 (full 0):
 garbage-first heap   total 180224K, used 121856K [0x00000007c0000000, 0x0000000800000000)
  region size 1024K, 3 young (3072K), 3 survivors (3072K)
 Metaspace       used 69288K, capacity 72191K, committed 73120K, reserved 1114112K
  class space    used 6513K, capacity 7563K, committed 7760K, reserved 1048576K
}
Event: 7586.135 GC heap before
{Heap before GC invocations=72 (full 0):
 garbage-first heap   total 180224K, used 142336K [0x00000007c0000000, 0x0000000800000000)
  region size 1024K, 23 young (23552K), 3 survivors (3072K)
 Metaspace       used 69392K, capacity 72256K, committed 73120K, reserved 1114112K
  class space    used 6522K, capacity 7563K, committed 7760K, reserved 1048576K
}
Event: 7586.328 GC heap after
{Heap after GC invocations=73 (full 0):
 garbage-first heap   total 180224K, used 117938K [0x00000007c0000000, 0x0000000800000000)
  region size 1024K, 3 young (3072K), 3 survivors (3072K)
 Metaspace       used 69392K, capacity 72256K, committed 73120K, reserved 1114112K
  class space    used 6522K, capacity 7563K, committed 7760K, reserved 1048576K
}
Event: 7628.559 GC heap before
{Heap before GC invocations=73 (full 0):
 garbage-first heap   total 180224K, used 124082K [0x00000007c0000000, 0x0000000800000000)
  region size 1024K, 8 young (8192K), 3 survivors (3072K)
 Metaspace       used 69409K, capacity 72292K, committed 73248K, reserved 1114112K
  class space    used 6533K, capacity 7595K, committed 7888K, reserved 1048576K
}
Event: 7628.758 GC heap after
{Heap after GC invocations=74 (full 0):
 garbage-first heap   total 180224K, used 97491K [0x00000007c0000000, 0x0000000800000000)
  region size 1024K, 1 young (1024K), 1 survivors (1024K)
 Metaspace       used 69409K, capacity 72292K, committed 73248K, reserved 1114112K
  class space    used 6533K, capacity 7595K, committed 7888K, reserved 1048576K
}
Event: 7734.118 GC heap before
{Heap before GC invocations=74 (full 0):
 garbage-first heap   total 180224K, used 103635K [0x00000007c0000000, 0x0000000800000000)
  region size 1024K, 8 young (8192K), 1 survivors (1024K)
 Metaspace       used 69418K, capacity 72292K, committed 73248K, reserved 1114112K
  class space    used 6534K, capacity 7595K, committed 7888K, reserved 1048576K
}
Event: 7734.268 GC heap after
{Heap after GC invocations=75 (full 0):
 garbage-first heap   total 180224K, used 96474K [0x00000007c0000000, 0x0000000800000000)
  region size 1024K, 1 young (1024K), 1 survivors (1024K)
 Metaspace       used 69418K, capacity 72292K, committed 73248K, reserved 1114112K
  class space    used 6534K, capacity 7595K, committed 7888K, reserved 1048576K
}
Event: 7758.039 GC heap before
{Heap before GC invocations=75 (full 0):
 garbage-first heap   total 180224K, used 103642K [0x00000007c0000000, 0x0000000800000000)
  region size 1024K, 8 young (8192K), 1 survivors (1024K)
 Metaspace       used 69465K, capacity 72356K, committed 73248K, reserved 1114112K
  class space    used 6534K, capacity 7595K, committed 7888K, reserved 1048576K
}
Event: 7758.110 GC heap after
{Heap after GC invocations=76 (full 0):
 garbage-first heap   total 180224K, used 96373K [0x00000007c0000000, 0x0000000800000000)
  region size 1024K, 1 young (1024K), 1 survivors (1024K)
 Metaspace       used 69465K, capacity 72356K, committed 73248K, reserved 1114112K
  class space    used 6534K, capacity 7595K, committed 7888K, reserved 1048576K
}
Event: 8060.748 GC heap before
{Heap before GC invocations=77 (full 0):
 garbage-first heap   total 180224K, used 121973K [0x00000007c0000000, 0x0000000800000000)
  region size 1024K, 32 young (32768K), 1 survivors (1024K)
 Metaspace       used 69587K, capacity 72448K, committed 73248K, reserved 1114112K
  class space    used 6537K, capacity 7600K, committed 7888K, reserved 1048576K
}

