# JRE version: Java(TM) SE Runtime Environment (11.0.2+9) (build 11.0.2+9-LTS)
# Java VM: Java HotSpot(TM) 64-Bit Server VM (11.0.2+9-LTS, mixed mode, tiered, compressed oops, g1 gc, bsd-amd64)
Heap:
 garbage-first heap   total 155648K, used 67183K [0x00000007c0000000, 0x0000000800000000)
  region size 1024K, 26 young (26624K), 4 survivors (4096K)
 Metaspace       used 80021K, capacity 81919K, committed 82092K, reserved 1120256K
  class space    used 9948K, capacity 10682K, committed 10752K, reserved 1048576K
GC Heap History (10 events):
Event: 1096.790 GC heap after
{Heap after GC invocations=33 (full 0):
 garbage-first heap   total 155648K, used 44105K [0x00000007c0000000, 0x0000000800000000)
  region size 1024K, 3 young (3072K), 3 survivors (3072K)
 Metaspace       used 79383K, capacity 81306K, committed 81580K, reserved 1120256K
  class space    used 9913K, capacity 10653K, committed 10752K, reserved 1048576K
}
Event: 1314.309 GC heap before
{Heap before GC invocations=33 (full 0):
 garbage-first heap   total 155648K, used 125001K [0x00000007c0000000, 0x0000000800000000)
  region size 1024K, 82 young (83968K), 3 survivors (3072K)
 Metaspace       used 79652K, capacity 81531K, committed 81836K, reserved 1120256K
  class space    used 9923K, capacity 10661K, committed 10752K, reserved 1048576K
}
Event: 1314.367 GC heap after
{Heap after GC invocations=34 (full 0):
 garbage-first heap   total 155648K, used 44337K [0x00000007c0000000, 0x0000000800000000)
  region size 1024K, 3 young (3072K), 3 survivors (3072K)
 Metaspace       used 79652K, capacity 81531K, committed 81836K, reserved 1120256K
  class space    used 9923K, capacity 10661K, committed 10752K, reserved 1048576K
}
Event: 1547.734 GC heap before
{Heap before GC invocations=34 (full 0):
 garbage-first heap   total 155648K, used 127281K [0x00000007c0000000, 0x0000000800000000)
  region size 1024K, 84 young (86016K), 3 survivors (3072K)
 Metaspace       used 79691K, capacity 81595K, committed 81836K, reserved 1120256K
  class space    used 9923K, capacity 10661K, committed 10752K, reserved 1048576K
}
Event: 1547.808 GC heap after
{Heap after GC invocations=35 (full 0):
 garbage-first heap   total 155648K, used 44125K [0x00000007c0000000, 0x0000000800000000)
  region size 1024K, 3 young (3072K), 3 survivors (3072K)
 Metaspace       used 79691K, capacity 81595K, committed 81836K, reserved 1120256K
  class space    used 9923K, capacity 10661K, committed 10752K, reserved 1048576K
}
Event: 1782.362 GC heap before
{Heap before GC invocations=35 (full 0):
 garbage-first heap   total 155648K, used 128093K [0x00000007c0000000, 0x0000000800000000)
  region size 1024K, 85 young (87040K), 3 survivors (3072K)
 Metaspace       used 79783K, capacity 81732K, committed 82092K, reserved 1120256K
  class space    used 9927K, capacity 10664K, committed 10752K, reserved 1048576K
}
Event: 1782.436 GC heap after
{Heap after GC invocations=36 (full 0):
 garbage-first heap   total 155648K, used 44353K [0x00000007c0000000, 0x0000000800000000)
  region size 1024K, 3 young (3072K), 3 survivors (3072K)
 Metaspace       used 79783K, capacity 81732K, committed 82092K, reserved 1120256K
  class space    used 9927K, capacity 10664K, committed 10752K, reserved 1048576K
}
Event: 2015.934 GC heap before
{Heap before GC invocations=36 (full 0):
 garbage-first heap   total 155648K, used 129345K [0x00000007c0000000, 0x0000000800000000)
  region size 1024K, 86 young (88064K), 3 survivors (3072K)
 Metaspace       used 79904K, capacity 81808K, committed 82092K, reserved 1120256K
  class space    used 9932K, capacity 10667K, committed 10752K, reserved 1048576K
}
Event: 2016.033 GC heap after
{Heap after GC invocations=37 (full 0):
 garbage-first heap   total 155648K, used 44920K [0x00000007c0000000, 0x0000000800000000)
  region size 1024K, 4 young (4096K), 4 survivors (4096K)
 Metaspace       used 79904K, capacity 81808K, committed 82092K, reserved 1120256K
  class space    used 9932K, capacity 10667K, committed 10752K, reserved 1048576K
}
Event: 2070.200 GC heap before
{Heap before GC invocations=37 (full 0):
 garbage-first heap   total 155648K, used 66424K [0x00000007c0000000, 0x0000000800000000)
  region size 1024K, 26 young (26624K), 4 survivors (4096K)
 Metaspace       used 80021K, capacity 81919K, committed 82092K, reserved 1120256K
  class space    used 9948K, capacity 10682K, committed 10752K, reserved 1048576K
}

