# JRE version: Java(TM) SE Runtime Environment (11.0.2+9) (build 11.0.2+9-LTS)
# Java VM: Java HotSpot(TM) 64-Bit Server VM (11.0.2+9-LTS, mixed mode, tiered, compressed oops, g1 gc, bsd-amd64)
Heap:
 garbage-first heap   total 78848K, used 42642K [0x00000007c0000000, 0x0000000800000000)
  region size 1024K, 27 young (27648K), 6 survivors (6144K)
 Metaspace       used 40112K, capacity 41203K, committed 41472K, reserved 1085440K
  class space    used 4630K, capacity 5036K, committed 5120K, reserved 1048576K
GC Heap History (10 events):
Event: 38.311 GC heap before
{Heap before GC invocations=7 (full 0):
 garbage-first heap   total 65536K, used 41562K [0x00000007c0000000, 0x0000000800000000)
  region size 1024K, 38 young (38912K), 4 survivors (4096K)
 Metaspace       used 25069K, capacity 25702K, committed 26112K, reserved 1073152K
  class space    used 2797K, capacity 3010K, committed 3072K, reserved 1048576K
}
Event: 38.343 GC heap after
{Heap after GC invocations=8 (full 0):
 garbage-first heap   total 65536K, used 7907K [0x00000007c0000000, 0x0000000800000000)
  region size 1024K, 4 young (4096K), 4 survivors (4096K)
 Metaspace       used 25069K, capacity 25702K, committed 26112K, reserved 1073152K
  class space    used 2797K, capacity 3010K, committed 3072K, reserved 1048576K
}
Event: 46.916 GC heap before
{Heap before GC invocations=8 (full 0):
 garbage-first heap   total 65536K, used 42723K [0x00000007c0000000, 0x0000000800000000)
  region size 1024K, 38 young (38912K), 4 survivors (4096K)
 Metaspace       used 28956K, capacity 29741K, committed 30080K, reserved 1075200K
  class space    used 3350K, capacity 3631K, committed 3712K, reserved 1048576K
}
Event: 46.969 GC heap after
{Heap after GC invocations=9 (full 0):
 garbage-first heap   total 65536K, used 10532K [0x00000007c0000000, 0x0000000800000000)
  region size 1024K, 5 young (5120K), 5 survivors (5120K)
 Metaspace       used 28956K, capacity 29741K, committed 30080K, reserved 1075200K
  class space    used 3350K, capacity 3631K, committed 3712K, reserved 1048576K
}
Event: 52.153 GC heap before
{Heap before GC invocations=9 (full 0):
 garbage-first heap   total 65536K, used 44324K [0x00000007c0000000, 0x0000000800000000)
  region size 1024K, 38 young (38912K), 5 survivors (5120K)
 Metaspace       used 31545K, capacity 32409K, committed 32512K, reserved 1077248K
  class space    used 3725K, capacity 4048K, committed 4096K, reserved 1048576K
}
Event: 52.200 GC heap after
{Heap after GC invocations=10 (full 0):
 garbage-first heap   total 78848K, used 11403K [0x00000007c0000000, 0x0000000800000000)
  region size 1024K, 2 young (2048K), 2 survivors (2048K)
 Metaspace       used 31545K, capacity 32409K, committed 32512K, reserved 1077248K
  class space    used 3725K, capacity 4048K, committed 4096K, reserved 1048576K
}
Event: 57.154 GC heap before
{Heap before GC invocations=10 (full 0):
 garbage-first heap   total 78848K, used 41099K [0x00000007c0000000, 0x0000000800000000)
  region size 1024K, 32 young (32768K), 2 survivors (2048K)
 Metaspace       used 34741K, capacity 35746K, committed 35840K, reserved 1081344K
  class space    used 4162K, capacity 4546K, committed 4608K, reserved 1048576K
}
Event: 57.283 GC heap after
{Heap after GC invocations=11 (full 0):
 garbage-first heap   total 78848K, used 12252K [0x00000007c0000000, 0x0000000800000000)
  region size 1024K, 3 young (3072K), 3 survivors (3072K)
 Metaspace       used 34741K, capacity 35746K, committed 35840K, reserved 1081344K
  class space    used 4162K, capacity 4546K, committed 4608K, reserved 1048576K
}
Event: 63.754 GC heap before
{Heap before GC invocations=12 (full 0):
 garbage-first heap   total 78848K, used 56284K [0x00000007c0000000, 0x0000000800000000)
  region size 1024K, 43 young (44032K), 3 survivors (3072K)
 Metaspace       used 38543K, capacity 39635K, committed 40064K, reserved 1085440K
  class space    used 4459K, capacity 4876K, committed 4992K, reserved 1048576K
}
Event: 63.800 GC heap after
{Heap after GC invocations=13 (full 0):
 garbage-first heap   total 78848K, used 22162K [0x00000007c0000000, 0x0000000800000000)
  region size 1024K, 6 young (6144K), 6 survivors (6144K)
 Metaspace       used 38543K, capacity 39635K, committed 40064K, reserved 1085440K
  class space    used 4459K, capacity 4876K, committed 4992K, reserved 1048576K
}

