# JRE version: Java(TM) SE Runtime Environment (11.0.2+9) (build 11.0.2+9-LTS)
# Java VM: Java HotSpot(TM) 64-Bit Server VM (11.0.2+9-LTS, mixed mode, tiered, compressed oops, g1 gc, bsd-amd64)
Heap:
 garbage-first heap   total 78848K, used 63369K [0x00000007c0000000, 0x0000000800000000)
  region size 1024K, 17 young (17408K), 3 survivors (3072K)
 Metaspace       used 55287K, capacity 56664K, committed 57088K, reserved 1099776K
  class space    used 6266K, capacity 6792K, committed 6912K, reserved 1048576K
GC Heap History (10 events):
Event: 352.977 GC heap after
{Heap after GC invocations=21 (full 0):
 garbage-first heap   total 78848K, used 35771K [0x00000007c0000000, 0x0000000800000000)
  region size 1024K, 5 young (5120K), 5 survivors (5120K)
 Metaspace       used 54058K, capacity 55511K, committed 55680K, reserved 1097728K
  class space    used 6203K, capacity 6771K, committed 6784K, reserved 1048576K
}
Event: 353.342 GC heap before
{Heap before GC invocations=21 (full 0):
 garbage-first heap   total 78848K, used 61371K [0x00000007c0000000, 0x0000000800000000)
  region size 1024K, 31 young (31744K), 5 survivors (5120K)
 Metaspace       used 54115K, capacity 55575K, committed 55680K, reserved 1097728K
  class space    used 6207K, capacity 6771K, committed 6784K, reserved 1048576K
}
Event: 353.365 GC heap after
{Heap after GC invocations=22 (full 0):
 garbage-first heap   total 78848K, used 39153K [0x00000007c0000000, 0x0000000800000000)
  region size 1024K, 4 young (4096K), 4 survivors (4096K)
 Metaspace       used 54115K, capacity 55575K, committed 55680K, reserved 1097728K
  class space    used 6207K, capacity 6771K, committed 6784K, reserved 1048576K
}
Event: 353.623 GC heap before
{Heap before GC invocations=22 (full 0):
 garbage-first heap   total 78848K, used 62705K [0x00000007c0000000, 0x0000000800000000)
  region size 1024K, 27 young (27648K), 4 survivors (4096K)
 Metaspace       used 54425K, capacity 55873K, committed 56064K, reserved 1097728K
  class space    used 6228K, capacity 6785K, committed 6912K, reserved 1048576K
}
Event: 353.648 GC heap after
{Heap after GC invocations=23 (full 0):
 garbage-first heap   total 78848K, used 42368K [0x00000007c0000000, 0x0000000800000000)
  region size 1024K, 3 young (3072K), 3 survivors (3072K)
 Metaspace       used 54425K, capacity 55873K, committed 56064K, reserved 1097728K
  class space    used 6228K, capacity 6785K, committed 6912K, reserved 1048576K
}
Event: 354.485 GC heap before
{Heap before GC invocations=24 (full 0):
 garbage-first heap   total 78848K, used 61824K [0x00000007c0000000, 0x0000000800000000)
  region size 1024K, 23 young (23552K), 3 survivors (3072K)
 Metaspace       used 54646K, capacity 56009K, committed 56320K, reserved 1099776K
  class space    used 6240K, capacity 6787K, committed 6912K, reserved 1048576K
}
Event: 354.530 GC heap after
{Heap after GC invocations=25 (full 0):
 garbage-first heap   total 78848K, used 45415K [0x00000007c0000000, 0x0000000800000000)
  region size 1024K, 3 young (3072K), 3 survivors (3072K)
 Metaspace       used 54646K, capacity 56009K, committed 56320K, reserved 1099776K
  class space    used 6240K, capacity 6787K, committed 6912K, reserved 1048576K
}
Event: 355.569 GC heap before
{Heap before GC invocations=25 (full 0):
 garbage-first heap   total 78848K, used 61799K [0x00000007c0000000, 0x0000000800000000)
  region size 1024K, 20 young (20480K), 3 survivors (3072K)
 Metaspace       used 55059K, capacity 56469K, committed 56832K, reserved 1099776K
  class space    used 6262K, capacity 6791K, committed 6912K, reserved 1048576K
}
Event: 355.594 GC heap after
{Heap after GC invocations=26 (full 0):
 garbage-first heap   total 78848K, used 49033K [0x00000007c0000000, 0x0000000800000000)
  region size 1024K, 3 young (3072K), 3 survivors (3072K)
 Metaspace       used 55059K, capacity 56469K, committed 56832K, reserved 1099776K
  class space    used 6262K, capacity 6791K, committed 6912K, reserved 1048576K
}
Event: 355.943 GC heap before
{Heap before GC invocations=26 (full 0):
 garbage-first heap   total 78848K, used 63369K [0x00000007c0000000, 0x0000000800000000)
  region size 1024K, 17 young (17408K), 3 survivors (3072K)
 Metaspace       used 55287K, capacity 56664K, committed 57088K, reserved 1099776K
  class space    used 6266K, capacity 6792K, committed 6912K, reserved 1048576K
}

