# JRE version: Java(TM) SE Runtime Environment (11.0.2+9) (build 11.0.2+9-LTS)
# Java VM: Java HotSpot(TM) 64-Bit Server VM (11.0.2+9-LTS, mixed mode, tiered, compressed oops, g1 gc, bsd-amd64)
Heap:
 garbage-first heap   total 280576K, used 69577K [0x00000007c0000000, 0x0000000800000000)
  region size 1024K, 22 young (22528K), 3 survivors (3072K)
 Metaspace       used 52033K, capacity 53127K, committed 53888K, reserved 1097728K
  class space    used 5148K, capacity 5545K, committed 5760K, reserved 1048576K
GC Heap History (10 events):
Event: 20922.868 GC heap before
{Heap before GC invocations=2369 (full 0):
 garbage-first heap   total 280576K, used 65249K [0x00000007c0000000, 0x0000000800000000)
  region size 1024K, 15 young (15360K), 1 survivors (1024K)
 Metaspace       used 52029K, capacity 53127K, committed 53888K, reserved 1097728K
  class space    used 5148K, capacity 5545K, committed 5760K, reserved 1048576K
}
Event: 20922.882 GC heap after
{Heap after GC invocations=2370 (full 0):
 garbage-first heap   total 280576K, used 51286K [0x00000007c0000000, 0x0000000800000000)
  region size 1024K, 1 young (1024K), 1 survivors (1024K)
 Metaspace       used 52029K, capacity 53127K, committed 53888K, reserved 1097728K
  class space    used 5148K, capacity 5545K, committed 5760K, reserved 1048576K
}
Event: 20937.798 GC heap before
{Heap before GC invocations=2371 (full 0):
 garbage-first heap   total 280576K, used 151638K [0x00000007c0000000, 0x0000000800000000)
  region size 1024K, 100 young (102400K), 1 survivors (1024K)
 Metaspace       used 52029K, capacity 53127K, committed 53888K, reserved 1097728K
  class space    used 5148K, capacity 5545K, committed 5760K, reserved 1048576K
}
Event: 20937.964 GC heap after
{Heap after GC invocations=2372 (full 0):
 garbage-first heap   total 280576K, used 56362K [0x00000007c0000000, 0x0000000800000000)
  region size 1024K, 7 young (7168K), 7 survivors (7168K)
 Metaspace       used 52029K, capacity 53127K, committed 53888K, reserved 1097728K
  class space    used 5148K, capacity 5545K, committed 5760K, reserved 1048576K
}
Event: 20938.263 GC heap before
{Heap before GC invocations=2372 (full 0):
 garbage-first heap   total 280576K, used 75818K [0x00000007c0000000, 0x0000000800000000)
  region size 1024K, 26 young (26624K), 7 survivors (7168K)
 Metaspace       used 52029K, capacity 53127K, committed 53888K, reserved 1097728K
  class space    used 5148K, capacity 5545K, committed 5760K, reserved 1048576K
}
Event: 20938.339 GC heap after
{Heap after GC invocations=2373 (full 0):
 garbage-first heap   total 280576K, used 57875K [0x00000007c0000000, 0x0000000800000000)
  region size 1024K, 2 young (2048K), 2 survivors (2048K)
 Metaspace       used 52029K, capacity 53127K, committed 53888K, reserved 1097728K
  class space    used 5148K, capacity 5545K, committed 5760K, reserved 1048576K
}
Event: 20944.307 GC heap before
{Heap before GC invocations=2374 (full 0):
 garbage-first heap   total 280576K, used 72211K [0x00000007c0000000, 0x0000000800000000)
  region size 1024K, 25 young (25600K), 2 survivors (2048K)
 Metaspace       used 52029K, capacity 53127K, committed 53888K, reserved 1097728K
  class space    used 5148K, capacity 5545K, committed 5760K, reserved 1048576K
}
Event: 20944.341 GC heap after
{Heap after GC invocations=2375 (full 0):
 garbage-first heap   total 280576K, used 50084K [0x00000007c0000000, 0x0000000800000000)
  region size 1024K, 3 young (3072K), 3 survivors (3072K)
 Metaspace       used 52029K, capacity 53127K, committed 53888K, reserved 1097728K
  class space    used 5148K, capacity 5545K, committed 5760K, reserved 1048576K
}
Event: 20956.899 GC heap before
{Heap before GC invocations=2375 (full 0):
 garbage-first heap   total 280576K, used 77732K [0x00000007c0000000, 0x0000000800000000)
  region size 1024K, 30 young (30720K), 3 survivors (3072K)
 Metaspace       used 52033K, capacity 53127K, committed 53888K, reserved 1097728K
  class space    used 5148K, capacity 5545K, committed 5760K, reserved 1048576K
}
Event: 20957.028 GC heap after
{Heap after GC invocations=2376 (full 0):
 garbage-first heap   total 280576K, used 51145K [0x00000007c0000000, 0x0000000800000000)
  region size 1024K, 3 young (3072K), 3 survivors (3072K)
 Metaspace       used 52033K, capacity 53127K, committed 53888K, reserved 1097728K
  class space    used 5148K, capacity 5545K, committed 5760K, reserved 1048576K
}

