# JRE version: Java(TM) SE Runtime Environment (11.0.2+9) (build 11.0.2+9-LTS)
# Java VM: Java HotSpot(TM) 64-Bit Server VM (11.0.2+9-LTS, mixed mode, tiered, compressed oops, g1 gc, bsd-amd64)
Heap:
 garbage-first heap   total 187392K, used 102461K [0x00000007c0000000, 0x0000000800000000)
  region size 1024K, 3 young (3072K), 2 survivors (2048K)
 Metaspace       used 91400K, capacity 93507K, committed 94028K, reserved 1132544K
  class space    used 10611K, capacity 11401K, committed 11596K, reserved 1048576K
GC Heap History (10 events):
Event: 2316.130 GC heap before
{Heap before GC invocations=110 (full 5):
 garbage-first heap   total 187392K, used 159565K [0x00000007c0000000, 0x0000000800000000)
  region size 1024K, 66 young (67584K), 5 survivors (5120K)
 Metaspace       used 90040K, capacity 92152K, committed 92876K, reserved 1130496K
  class space    used 10540K, capacity 11332K, committed 11468K, reserved 1048576K
}
Event: 2316.156 GC heap after
{Heap after GC invocations=111 (full 5):
 garbage-first heap   total 187392K, used 98639K [0x00000007c0000000, 0x0000000800000000)
  region size 1024K, 6 young (6144K), 6 survivors (6144K)
 Metaspace       used 90040K, capacity 92152K, committed 92876K, reserved 1130496K
  class space    used 10540K, capacity 11332K, committed 11468K, reserved 1048576K
}
Event: 2317.468 GC heap before
{Heap before GC invocations=112 (full 5):
 garbage-first heap   total 187392K, used 159055K [0x00000007c0000000, 0x0000000800000000)
  region size 1024K, 65 young (66560K), 6 survivors (6144K)
 Metaspace       used 90930K, capacity 93127K, committed 93772K, reserved 1132544K
  class space    used 10600K, capacity 11388K, committed 11596K, reserved 1048576K
}
Event: 2317.497 GC heap after
{Heap after GC invocations=113 (full 5):
 garbage-first heap   total 187392K, used 101748K [0x00000007c0000000, 0x0000000800000000)
  region size 1024K, 8 young (8192K), 8 survivors (8192K)
 Metaspace       used 90930K, capacity 93127K, committed 93772K, reserved 1132544K
  class space    used 10600K, capacity 11388K, committed 11596K, reserved 1048576K
}
Event: 2387.805 GC heap before
{Heap before GC invocations=113 (full 5):
 garbage-first heap   total 187392K, used 157044K [0x00000007c0000000, 0x0000000800000000)
  region size 1024K, 63 young (64512K), 8 survivors (8192K)
 Metaspace       used 91018K, capacity 93131K, committed 93772K, reserved 1132544K
  class space    used 10602K, capacity 11389K, committed 11596K, reserved 1048576K
}
Event: 2388.018 GC heap after
{Heap after GC invocations=114 (full 5):
 garbage-first heap   total 187392K, used 102058K [0x00000007c0000000, 0x0000000800000000)
  region size 1024K, 2 young (2048K), 2 survivors (2048K)
 Metaspace       used 91018K, capacity 93131K, committed 93772K, reserved 1132544K
  class space    used 10602K, capacity 11389K, committed 11596K, reserved 1048576K
}
Event: 2494.057 GC heap before
{Heap before GC invocations=115 (full 5):
 garbage-first heap   total 187392K, used 157354K [0x00000007c0000000, 0x0000000800000000)
  region size 1024K, 57 young (58368K), 2 survivors (2048K)
 Metaspace       used 91274K, capacity 93424K, committed 94028K, reserved 1132544K
  class space    used 10608K, capacity 11396K, committed 11596K, reserved 1048576K
}
Event: 2494.170 GC heap after
{Heap after GC invocations=116 (full 5):
 garbage-first heap   total 187392K, used 102399K [0x00000007c0000000, 0x0000000800000000)
  region size 1024K, 2 young (2048K), 2 survivors (2048K)
 Metaspace       used 91274K, capacity 93424K, committed 94028K, reserved 1132544K
  class space    used 10608K, capacity 11396K, committed 11596K, reserved 1048576K
}
Event: 2606.434 GC heap before
{Heap before GC invocations=116 (full 5):
 garbage-first heap   total 187392K, used 158719K [0x00000007c0000000, 0x0000000800000000)
  region size 1024K, 58 young (59392K), 2 survivors (2048K)
 Metaspace       used 91400K, capacity 93507K, committed 94028K, reserved 1132544K
  class space    used 10611K, capacity 11401K, committed 11596K, reserved 1048576K
}
Event: 2606.463 GC heap after
{Heap after GC invocations=117 (full 5):
 garbage-first heap   total 187392K, used 102461K [0x00000007c0000000, 0x0000000800000000)
  region size 1024K, 2 young (2048K), 2 survivors (2048K)
 Metaspace       used 91400K, capacity 93507K, committed 94028K, reserved 1132544K
  class space    used 10611K, capacity 11401K, committed 11596K, reserved 1048576K
}

