# JRE version: Java(TM) SE Runtime Environment (11.0.2+9) (build 11.0.2+9-LTS)
# Java VM: Java HotSpot(TM) 64-Bit Server VM (11.0.2+9-LTS, mixed mode, tiered, compressed oops, g1 gc, bsd-amd64)
Heap:
 garbage-first heap   total 458752K, used 133493K [0x00000007c0000000, 0x0000000800000000)
  region size 1024K, 24 young (24576K), 11 survivors (11264K)
 Metaspace       used 80466K, capacity 83470K, committed 84176K, reserved 1126400K
  class space    used 7046K, capacity 8157K, committed 8320K, reserved 1048576K
GC Heap History (10 events):
Event: 17889.569 GC heap before
{Heap before GC invocations=478 (full 0):
 garbage-first heap   total 458752K, used 134535K [0x00000007c0000000, 0x0000000800000000)
  region size 1024K, 22 young (22528K), 6 survivors (6144K)
 Metaspace       used 80408K, capacity 83342K, committed 84176K, reserved 1126400K
  class space    used 7046K, capacity 8157K, committed 8320K, reserved 1048576K
}
Event: 17889.767 GC heap after
{Heap after GC invocations=479 (full 0):
 garbage-first heap   total 458752K, used 110731K [0x00000007c0000000, 0x0000000800000000)
  region size 1024K, 2 young (2048K), 2 survivors (2048K)
 Metaspace       used 80408K, capacity 83342K, committed 84176K, reserved 1126400K
  class space    used 7046K, capacity 8157K, committed 8320K, reserved 1048576K
}
Event: 17892.851 GC heap before
{Heap before GC invocations=479 (full 0):
 garbage-first heap   total 458752K, used 215179K [0x00000007c0000000, 0x0000000800000000)
  region size 1024K, 105 young (107520K), 2 survivors (2048K)
 Metaspace       used 80409K, capacity 83342K, committed 84176K, reserved 1126400K
  class space    used 7046K, capacity 8157K, committed 8320K, reserved 1048576K
}
Event: 17892.869 GC heap after
{Heap after GC invocations=480 (full 0):
 garbage-first heap   total 458752K, used 110582K [0x00000007c0000000, 0x0000000800000000)
  region size 1024K, 2 young (2048K), 2 survivors (2048K)
 Metaspace       used 80409K, capacity 83342K, committed 84176K, reserved 1126400K
  class space    used 7046K, capacity 8157K, committed 8320K, reserved 1048576K
}
Event: 18118.848 GC heap before
{Heap before GC invocations=481 (full 0):
 garbage-first heap   total 458752K, used 383990K [0x00000007c0000000, 0x0000000800000000)
  region size 1024K, 236 young (241664K), 2 survivors (2048K)
 Metaspace       used 80449K, capacity 83470K, committed 84176K, reserved 1126400K
  class space    used 7046K, capacity 8157K, committed 8320K, reserved 1048576K
}
Event: 18118.931 GC heap after
{Heap after GC invocations=482 (full 0):
 garbage-first heap   total 458752K, used 111715K [0x00000007c0000000, 0x0000000800000000)
  region size 1024K, 3 young (3072K), 3 survivors (3072K)
 Metaspace       used 80449K, capacity 83470K, committed 84176K, reserved 1126400K
  class space    used 7046K, capacity 8157K, committed 8320K, reserved 1048576K
}
Event: 18122.026 GC heap before
{Heap before GC invocations=482 (full 0):
 garbage-first heap   total 458752K, used 130147K [0x00000007c0000000, 0x0000000800000000)
  region size 1024K, 22 young (22528K), 3 survivors (3072K)
 Metaspace       used 80449K, capacity 83470K, committed 84176K, reserved 1126400K
  class space    used 7046K, capacity 8157K, committed 8320K, reserved 1048576K
}
Event: 18122.064 GC heap after
{Heap after GC invocations=483 (full 0):
 garbage-first heap   total 458752K, used 111015K [0x00000007c0000000, 0x0000000800000000)
  region size 1024K, 1 young (1024K), 1 survivors (1024K)
 Metaspace       used 80449K, capacity 83470K, committed 84176K, reserved 1126400K
  class space    used 7046K, capacity 8157K, committed 8320K, reserved 1048576K
}
Event: 18185.512 GC heap before
{Heap before GC invocations=483 (full 0):
 garbage-first heap   total 458752K, used 357799K [0x00000007c0000000, 0x0000000800000000)
  region size 1024K, 243 young (248832K), 1 survivors (1024K)
 Metaspace       used 80466K, capacity 83470K, committed 84176K, reserved 1126400K
  class space    used 7046K, capacity 8157K, committed 8320K, reserved 1048576K
}
Event: 18185.631 GC heap after
{Heap after GC invocations=484 (full 0):
 garbage-first heap   total 458752K, used 121205K [0x00000007c0000000, 0x0000000800000000)
  region size 1024K, 11 young (11264K), 11 survivors (11264K)
 Metaspace       used 80466K, capacity 83470K, committed 84176K, reserved 1126400K
  class space    used 7046K, capacity 8157K, committed 8320K, reserved 1048576K
}

