# JRE version: Java(TM) SE Runtime Environment (8.0_152-b16) (build 1.8.0_152-b16)
# Java VM: Java HotSpot(TM) 64-Bit Server VM (25.152-b16 mixed mode bsd-amd64 compressed oops)
Heap:
 PSYoungGen      total 169472K, used 8701K [0x00000007aab00000, 0x00000007b7b80000, 0x00000007c0000000)
  eden space 160768K, 0% used [0x00000007aab00000,0x00000007aab00000,0x00000007b4800000)
  from space 8704K, 99% used [0x00000007b5680000,0x00000007b5eff440,0x00000007b5f00000)
  to   space 14848K, 0% used [0x00000007b4800000,0x00000007b4800000,0x00000007b5680000)
 ParOldGen       total 32256K, used 25559K [0x0000000780000000, 0x0000000781f80000, 0x00000007aab00000)
  object space 32256K, 79% used [0x0000000780000000,0x00000007818f5f38,0x0000000781f80000)
 Metaspace       used 21762K, capacity 22362K, committed 22528K, reserved 1069056K
  class space    used 2896K, capacity 3069K, committed 3072K, reserved 1048576K
GC Heap History (10 events):
Event: 4.336 GC heap after
Heap after GC invocations=7 (full 0):
 PSYoungGen      total 71168K, used 4034K [0x00000007aab00000, 0x00000007b3500000, 0x00000007c0000000)
  eden space 64000K, 0% used [0x00000007aab00000,0x00000007aab00000,0x00000007ae980000)
  from space 7168K, 56% used [0x00000007ae980000,0x00000007aed708f8,0x00000007af080000)
  to   space 6656K, 0% used [0x00000007b2e80000,0x00000007b2e80000,0x00000007b3500000)
 ParOldGen       total 44032K, used 8778K [0x0000000780000000, 0x0000000782b00000, 0x00000007aab00000)
  object space 44032K, 19% used [0x0000000780000000,0x00000007808929b8,0x0000000782b00000)
 Metaspace       used 20529K, capacity 21118K, committed 21296K, reserved 1067008K
  class space    used 2740K, capacity 2913K, committed 2944K, reserved 1048576K
}
Event: 4.336 GC heap before
{Heap before GC invocations=8 (full 1):
 PSYoungGen      total 71168K, used 4034K [0x00000007aab00000, 0x00000007b3500000, 0x00000007c0000000)
  eden space 64000K, 0% used [0x00000007aab00000,0x00000007aab00000,0x00000007ae980000)
  from space 7168K, 56% used [0x00000007ae980000,0x00000007aed708f8,0x00000007af080000)
  to   space 6656K, 0% used [0x00000007b2e80000,0x00000007b2e80000,0x00000007b3500000)
 ParOldGen       total 44032K, used 8778K [0x0000000780000000, 0x0000000782b00000, 0x00000007aab00000)
  object space 44032K, 19% used [0x0000000780000000,0x00000007808929b8,0x0000000782b00000)
 Metaspace       used 20529K, capacity 21118K, committed 21296K, reserved 1067008K
  class space    used 2740K, capacity 2913K, committed 2944K, reserved 1048576K
Event: 4.447 GC heap after
Heap after GC invocations=8 (full 1):
 PSYoungGen      total 71168K, used 0K [0x00000007aab00000, 0x00000007b3500000, 0x00000007c0000000)
  eden space 64000K, 0% used [0x00000007aab00000,0x00000007aab00000,0x00000007ae980000)
  from space 7168K, 0% used [0x00000007ae980000,0x00000007ae980000,0x00000007af080000)
  to   space 6656K, 0% used [0x00000007b2e80000,0x00000007b2e80000,0x00000007b3500000)
 ParOldGen       total 32256K, used 9038K [0x0000000780000000, 0x0000000781f80000, 0x00000007aab00000)
  object space 32256K, 28% used [0x0000000780000000,0x00000007808d3b28,0x0000000781f80000)
 Metaspace       used 20529K, capacity 21118K, committed 21296K, reserved 1067008K
  class space    used 2740K, capacity 2913K, committed 2944K, reserved 1048576K
}
Event: 5.141 GC heap before
{Heap before GC invocations=9 (full 1):
 PSYoungGen      total 71168K, used 64000K [0x00000007aab00000, 0x00000007b3500000, 0x00000007c0000000)
  eden space 64000K, 100% used [0x00000007aab00000,0x00000007ae980000,0x00000007ae980000)
  from space 7168K, 0% used [0x00000007ae980000,0x00000007ae980000,0x00000007af080000)
  to   space 6656K, 0% used [0x00000007b2e80000,0x00000007b2e80000,0x00000007b3500000)
 ParOldGen       total 32256K, used 9038K [0x0000000780000000, 0x0000000781f80000, 0x00000007aab00000)
  object space 32256K, 28% used [0x0000000780000000,0x00000007808d3b28,0x0000000781f80000)
 Metaspace       used 21545K, capacity 22178K, committed 22272K, reserved 1069056K
  class space    used 2852K, capacity 3033K, committed 3072K, reserved 1048576K
Event: 5.175 GC heap after
Heap after GC invocations=9 (full 1):
 PSYoungGen      total 118784K, used 4210K [0x00000007aab00000, 0x00000007b3300000, 0x00000007c0000000)
  eden space 114176K, 0% used [0x00000007aab00000,0x00000007aab00000,0x00000007b1a80000)
  from space 4608K, 91% used [0x00000007b2e80000,0x00000007b329ca70,0x00000007b3300000)
  to   space 6656K, 0% used [0x00000007b2600000,0x00000007b2600000,0x00000007b2c80000)
 ParOldGen       total 32256K, used 9046K [0x0000000780000000, 0x0000000781f80000, 0x00000007aab00000)
  object space 32256K, 28% used [0x0000000780000000,0x00000007808d5b28,0x0000000781f80000)
 Metaspace       used 21545K, capacity 22178K, committed 22272K, reserved 1069056K
  class space    used 2852K, capacity 3033K, committed 3072K, reserved 1048576K
}
Event: 6.137 GC heap before
{Heap before GC invocations=10 (full 1):
 PSYoungGen      total 118784K, used 118386K [0x00000007aab00000, 0x00000007b3300000, 0x00000007c0000000)
  eden space 114176K, 100% used [0x00000007aab00000,0x00000007b1a80000,0x00000007b1a80000)
  from space 4608K, 91% used [0x00000007b2e80000,0x00000007b329ca70,0x00000007b3300000)
  to   space 6656K, 0% used [0x00000007b2600000,0x00000007b2600000,0x00000007b2c80000)
 ParOldGen       total 32256K, used 9046K [0x0000000780000000, 0x0000000781f80000, 0x00000007aab00000)
  object space 32256K, 28% used [0x0000000780000000,0x00000007808d5b28,0x0000000781f80000)
 Metaspace       used 21578K, capacity 22178K, committed 22272K, reserved 1069056K
  class space    used 2856K, capacity 3033K, committed 3072K, reserved 1048576K
Event: 6.214 GC heap after
Heap after GC invocations=10 (full 1):
 PSYoungGen      total 132608K, used 6632K [0x00000007aab00000, 0x00000007b5f00000, 0x00000007c0000000)
  eden space 125952K, 0% used [0x00000007aab00000,0x00000007aab00000,0x00000007b2600000)
  from space 6656K, 99% used [0x00000007b2600000,0x00000007b2c7a1d8,0x00000007b2c80000)
  to   space 8704K, 0% used [0x00000007b5680000,0x00000007b5680000,0x00000007b5f00000)
 ParOldGen       total 32256K, used 12534K [0x0000000780000000, 0x0000000781f80000, 0x00000007aab00000)
  object space 32256K, 38% used [0x0000000780000000,0x0000000780c3db28,0x0000000781f80000)
 Metaspace       used 21578K, capacity 22178K, committed 22272K, reserved 1069056K
  class space    used 2856K, capacity 3033K, committed 3072K, reserved 1048576K
}
Event: 7.501 GC heap before
{Heap before GC invocations=11 (full 1):
 PSYoungGen      total 132608K, used 132584K [0x00000007aab00000, 0x00000007b5f00000, 0x00000007c0000000)
  eden space 125952K, 100% used [0x00000007aab00000,0x00000007b2600000,0x00000007b2600000)
  from space 6656K, 99% used [0x00000007b2600000,0x00000007b2c7a1d8,0x00000007b2c80000)
  to   space 8704K, 0% used [0x00000007b5680000,0x00000007b5680000,0x00000007b5f00000)
 ParOldGen       total 32256K, used 12534K [0x0000000780000000, 0x0000000781f80000, 0x00000007aab00000)
  object space 32256K, 38% used [0x0000000780000000,0x0000000780c3db28,0x0000000781f80000)
 Metaspace       used 21762K, capacity 22362K, committed 22528K, reserved 1069056K
  class space    used 2896K, capacity 3069K, committed 3072K, reserved 1048576K
Event: 7.597 GC heap after
Heap after GC invocations=11 (full 1):
 PSYoungGen      total 169472K, used 8701K [0x00000007aab00000, 0x00000007b7b80000, 0x00000007c0000000)
  eden space 160768K, 0% used [0x00000007aab00000,0x00000007aab00000,0x00000007b4800000)
  from space 8704K, 99% used [0x00000007b5680000,0x00000007b5eff440,0x00000007b5f00000)
  to   space 14848K, 0% used [0x00000007b4800000,0x00000007b4800000,0x00000007b5680000)
 ParOldGen       total 32256K, used 25559K [0x0000000780000000, 0x0000000781f80000, 0x00000007aab00000)
  object space 32256K, 79% used [0x0000000780000000,0x00000007818f5f38,0x0000000781f80000)
 Metaspace       used 21762K, capacity 22362K, committed 22528K, reserved 1069056K
  class space    used 2896K, capacity 3069K, committed 3072K, reserved 1048576K
}
Event: 7.597 GC heap before
{Heap before GC invocations=12 (full 2):
 PSYoungGen      total 169472K, used 8701K [0x00000007aab00000, 0x00000007b7b80000, 0x00000007c0000000)
  eden space 160768K, 0% used [0x00000007aab00000,0x00000007aab00000,0x00000007b4800000)
  from space 8704K, 99% used [0x00000007b5680000,0x00000007b5eff440,0x00000007b5f00000)
  to   space 14848K, 0% used [0x00000007b4800000,0x00000007b4800000,0x00000007b5680000)
 ParOldGen       total 32256K, used 25559K [0x0000000780000000, 0x0000000781f80000, 0x00000007aab00000)
  object space 32256K, 79% used [0x0000000780000000,0x00000007818f5f38,0x0000000781f80000)
 Metaspace       used 21762K, capacity 22362K, committed 22528K, reserved 1069056K
  class space    used 2896K, capacity 3069K, committed 3072K, reserved 1048576K

