# JRE version: Java(TM) SE Runtime Environment (11.0.2+9) (build 11.0.2+9-LTS)
# Java VM: Java HotSpot(TM) 64-Bit Server VM (11.0.2+9-LTS, mixed mode, tiered, compressed oops, g1 gc, bsd-amd64)
Heap:
 garbage-first heap   total 209920K, used 139513K [0x00000007c0000000, 0x0000000800000000)
  region size 1024K, 3 young (3072K), 1 survivors (1024K)
 Metaspace       used 92598K, capacity 95067K, committed 96000K, reserved 1134592K
  class space    used 10729K, capacity 11534K, committed 11776K, reserved 1048576K
GC Heap History (10 events):
Event: 4722.043 GC heap before
{Heap before GC invocations=216 (full 12):
 garbage-first heap   total 209920K, used 183101K [0x00000007c0000000, 0x0000000800000000)
  region size 1024K, 48 young (49152K), 3 survivors (3072K)
 Metaspace       used 92602K, capacity 95085K, committed 96000K, reserved 1134592K
  class space    used 10731K, capacity 11537K, committed 11776K, reserved 1048576K
}
Event: 4722.175 GC heap after
{Heap after GC invocations=217 (full 12):
 garbage-first heap   total 209920K, used 138432K [0x00000007c0000000, 0x0000000800000000)
  region size 1024K, 2 young (2048K), 2 survivors (2048K)
 Metaspace       used 92602K, capacity 95085K, committed 96000K, reserved 1134592K
  class space    used 10731K, capacity 11537K, committed 11776K, reserved 1048576K
}
Event: 4860.119 GC heap before
{Heap before GC invocations=218 (full 12):
 garbage-first heap   total 209920K, used 182464K [0x00000007c0000000, 0x0000000800000000)
  region size 1024K, 46 young (47104K), 2 survivors (2048K)
 Metaspace       used 92605K, capacity 95085K, committed 96000K, reserved 1134592K
  class space    used 10731K, capacity 11537K, committed 11776K, reserved 1048576K
}
Event: 4860.205 GC heap after
{Heap after GC invocations=219 (full 12):
 garbage-first heap   total 209920K, used 138447K [0x00000007c0000000, 0x0000000800000000)
  region size 1024K, 1 young (1024K), 1 survivors (1024K)
 Metaspace       used 92605K, capacity 95085K, committed 96000K, reserved 1134592K
  class space    used 10731K, capacity 11537K, committed 11776K, reserved 1048576K
}
Event: 4996.324 GC heap before
{Heap before GC invocations=219 (full 12):
 garbage-first heap   total 209920K, used 183503K [0x00000007c0000000, 0x0000000800000000)
  region size 1024K, 45 young (46080K), 1 survivors (1024K)
 Metaspace       used 92609K, capacity 95085K, committed 96000K, reserved 1134592K
  class space    used 10731K, capacity 11537K, committed 11776K, reserved 1048576K
}
Event: 4997.001 GC heap after
{Heap after GC invocations=220 (full 12):
 garbage-first heap   total 209920K, used 138467K [0x00000007c0000000, 0x0000000800000000)
  region size 1024K, 1 young (1024K), 1 survivors (1024K)
 Metaspace       used 92609K, capacity 95085K, committed 96000K, reserved 1134592K
  class space    used 10731K, capacity 11537K, committed 11776K, reserved 1048576K
}
Event: 5155.133 GC heap before
{Heap before GC invocations=221 (full 12):
 garbage-first heap   total 209920K, used 183523K [0x00000007c0000000, 0x0000000800000000)
  region size 1024K, 45 young (46080K), 1 survivors (1024K)
 Metaspace       used 92598K, capacity 95067K, committed 96000K, reserved 1134592K
  class space    used 10729K, capacity 11534K, committed 11776K, reserved 1048576K
}
Event: 5155.194 GC heap after
{Heap after GC invocations=222 (full 12):
 garbage-first heap   total 209920K, used 138520K [0x00000007c0000000, 0x0000000800000000)
  region size 1024K, 1 young (1024K), 1 survivors (1024K)
 Metaspace       used 92598K, capacity 95067K, committed 96000K, reserved 1134592K
  class space    used 10729K, capacity 11534K, committed 11776K, reserved 1048576K
}
Event: 5286.885 GC heap before
{Heap before GC invocations=222 (full 12):
 garbage-first heap   total 209920K, used 182552K [0x00000007c0000000, 0x0000000800000000)
  region size 1024K, 44 young (45056K), 1 survivors (1024K)
 Metaspace       used 92598K, capacity 95067K, committed 96000K, reserved 1134592K
  class space    used 10729K, capacity 11534K, committed 11776K, reserved 1048576K
}
Event: 5286.920 GC heap after
{Heap after GC invocations=223 (full 12):
 garbage-first heap   total 209920K, used 138489K [0x00000007c0000000, 0x0000000800000000)
  region size 1024K, 1 young (1024K), 1 survivors (1024K)
 Metaspace       used 92598K, capacity 95067K, committed 96000K, reserved 1134592K
  class space    used 10729K, capacity 11534K, committed 11776K, reserved 1048576K
}

